#
# There is insufficient memory for the Java Runtime Environment to continue.
# Native memory allocation (malloc) failed to allocate 738336 bytes for Chunk::new
# Possible reasons:
#   The system is out of physical RAM or swap space
#   In 32 bit mode, the process size limit was hit
# Possible solutions:
#   Reduce memory load on the system
#   Increase physical memory or swap space
#   Check if swap backing store is full
#   Use 64 bit Java on a 64 bit OS
#   Decrease Java heap size (-Xmx/-Xms)
#   Decrease number of Java threads
#   Decrease Java thread stack sizes (-Xss)
#   Set larger code cache with -XX:ReservedCodeCacheSize=
# This output file may be truncated or incomplete.
#
#  Out of Memory Error (allocation.cpp:390), pid=6548, tid=0x00000000000005d0
#
# JRE version: Java(TM) SE Runtime Environment (8.0_162-b12) (build 1.8.0_162-b12)
# Java VM: Java HotSpot(TM) 64-Bit Server VM (25.162-b12 mixed mode windows-amd64 compressed oops)
# Failed to write core dump. Minidumps are not enabled by default on client versions of Windows
#

---------------  T H R E A D  ---------------

Current thread (0x0000000014f25800):  JavaThread "C2 CompilerThread1" daemon [_thread_in_native, id=1488, stack(0x0000000016670000,0x0000000016770000)]

Stack: [0x0000000016670000,0x0000000016770000]
[error occurred during error reporting (printing stack bounds), id 0xc0000005]

Native frames: (J=compiled Java code, j=interpreted, Vv=VM code, C=native code)


Current CompileTask:
C2:   5928  439       4       com.sun.tools.javac.file.ZipFileIndex$ZipDirectory::readEntry (587 bytes)


---------------  P R O C E S S  ---------------

Java Threads: ( => current thread )
  0x0000000014f77800 JavaThread "Service Thread" daemon [_thread_blocked, id=5628, stack(0x0000000016870000,0x0000000016970000)]
  0x0000000014f2a800 JavaThread "C1 CompilerThread2" daemon [_thread_blocked, id=3584, stack(0x0000000016770000,0x0000000016870000)]
=>0x0000000014f25800 JavaThread "C2 CompilerThread1" daemon [_thread_in_native, id=1488, stack(0x0000000016670000,0x0000000016770000)]
  0x0000000014f22000 JavaThread "C2 CompilerThread0" daemon [_thread_blocked, id=4984, stack(0x0000000016570000,0x0000000016670000)]
  0x0000000014f1b800 JavaThread "Attach Listener" daemon [_thread_blocked, id=1448, stack(0x0000000016470000,0x0000000016570000)]
  0x0000000014f1a000 JavaThread "Signal Dispatcher" daemon [_thread_blocked, id=1484, stack(0x0000000016370000,0x0000000016470000)]
  0x000000000288a000 JavaThread "Finalizer" daemon [_thread_blocked, id=6468, stack(0x0000000016190000,0x0000000016290000)]
  0x0000000002881000 JavaThread "Reference Handler" daemon [_thread_blocked, id=5776, stack(0x0000000016090000,0x0000000016190000)]
  0x000000000278e000 JavaThread "main" [_thread_in_native, id=4372, stack(0x0000000002650000,0x0000000002750000)]

Other Threads:
  0x0000000014ee7800 VMThread [stack: 0x0000000015f90000,0x0000000016090000] [id=5716]
  0x0000000016978800 WatcherThread [stack: 0x0000000016d70000,0x0000000016e70000] [id=6384]

VM state:not at safepoint (normal execution)

VM Mutex/Monitor currently owned by a thread: None

Heap:
 PSYoungGen      total 7168K, used 2440K [0x00000000ead00000, 0x00000000ebd00000, 0x0000000100000000)
  eden space 5632K, 16% used [0x00000000ead00000,0x00000000eade7568,0x00000000eb280000)
  from space 1536K, 98% used [0x00000000eb280000,0x00000000eb3fae78,0x00000000eb400000)
  to   space 2560K, 0% used [0x00000000eba80000,0x00000000eba80000,0x00000000ebd00000)
 ParOldGen       total 5632K, used 3227K [0x00000000c0600000, 0x00000000c0b80000, 0x00000000ead00000)
  object space 5632K, 57% used [0x00000000c0600000,0x00000000c0926c20,0x00000000c0b80000)
 Metaspace       used 7257K, capacity 8084K, committed 8448K, reserved 1056768K
  class space    used 889K, capacity 912K, committed 1024K, reserved 1048576K

Card table byte_map: [0x0000000011c50000,0x0000000011e50000] byte_map_base: 0x000000001164d000

Marking Bits: (ParMarkBitMap*) 0x0000000058980860
 Begin Bits: [0x00000000123b0000, 0x0000000013398000)
 End Bits:   [0x0000000013398000, 0x0000000014380000)

Polling page: 0x0000000000e30000

CodeCache: size=245760Kb used=2178Kb max_used=2199Kb free=243581Kb
 bounds [0x0000000002890000, 0x0000000002b00000, 0x0000000011890000]
 total_blobs=724 nmethods=439 adapters=198
 compilation: enabled

Compilation events (10 events):
Event: 5.558 Thread 0x0000000014f25800  422       4       java.util.LinkedHashMap::get (33 bytes)
Event: 5.573 Thread 0x0000000014f25800 nmethod 422 0x0000000002aa9110 code [0x0000000002aa9280, 0x0000000002aa96f8]
Event: 5.573 Thread 0x0000000014f25800  421   !   4       java.lang.StringCoding$StringDecoder::decode (179 bytes)
Event: 5.582 Thread 0x0000000014f25800 nmethod 421 0x0000000002aa8b90 code [0x0000000002aa8ce0, 0x0000000002aa8f08]
Event: 5.582 Thread 0x0000000014f25800  427       4       com.sun.tools.javac.file.ZipFileIndex$Entry::<init> (15 bytes)
Event: 5.583 Thread 0x0000000014f25800 nmethod 427 0x0000000002aa7c10 code [0x0000000002aa7d40, 0x0000000002aa7db8]
Event: 5.653 Thread 0x0000000014f22000 nmethod 388% 0x0000000002ab3050 code [0x0000000002ab34e0, 0x0000000002ab64a8]
Event: 5.692 Thread 0x0000000014f25800  439       4       com.sun.tools.javac.file.ZipFileIndex$ZipDirectory::readEntry (587 bytes)
Event: 5.832 Thread 0x0000000014f22000  440       4       java.lang.String::substring (79 bytes)
Event: 5.848 Thread 0x0000000014f22000 nmethod 440 0x0000000002aa8250 code [0x0000000002aa83c0, 0x0000000002aa87f8]

GC Heap History (10 events):
Event: 3.636 GC heap before
{Heap before GC invocations=3 (full 0):
 PSYoungGen      total 2048K, used 2048K [0x00000000ead00000, 0x00000000eb100000, 0x0000000100000000)
  eden space 1536K, 100% used [0x00000000ead00000,0x00000000eae80000,0x00000000eae80000)
  from space 512K, 100% used [0x00000000eaf00000,0x00000000eaf80000,0x00000000eaf80000)
  to   space 512K, 0% used [0x00000000eae80000,0x00000000eae80000,0x00000000eaf00000)
 ParOldGen       total 5632K, used 128K [0x00000000c0600000, 0x00000000c0b80000, 0x00000000ead00000)
  object space 5632K, 2% used [0x00000000c0600000,0x00000000c0620000,0x00000000c0b80000)
 Metaspace       used 4533K, capacity 5772K, committed 6016K, reserved 1056768K
  class space    used 554K, capacity 584K, committed 640K, reserved 1048576K
Event: 3.640 GC heap after
Heap after GC invocations=3 (full 0):
 PSYoungGen      total 2048K, used 480K [0x00000000ead00000, 0x00000000eb100000, 0x0000000100000000)
  eden space 1536K, 0% used [0x00000000ead00000,0x00000000ead00000,0x00000000eae80000)
  from space 512K, 93% used [0x00000000eae80000,0x00000000eaef8010,0x00000000eaf00000)
  to   space 512K, 0% used [0x00000000eb080000,0x00000000eb080000,0x00000000eb100000)
 ParOldGen       total 5632K, used 572K [0x00000000c0600000, 0x00000000c0b80000, 0x00000000ead00000)
  object space 5632K, 10% used [0x00000000c0600000,0x00000000c068f040,0x00000000c0b80000)
 Metaspace       used 4533K, capacity 5772K, committed 6016K, reserved 1056768K
  class space    used 554K, capacity 584K, committed 640K, reserved 1048576K
}
Event: 3.848 GC heap before
{Heap before GC invocations=4 (full 0):
 PSYoungGen      total 2048K, used 1953K [0x00000000ead00000, 0x00000000eb100000, 0x0000000100000000)
  eden space 1536K, 95% used [0x00000000ead00000,0x00000000eae704a8,0x00000000eae80000)
  from space 512K, 93% used [0x00000000eae80000,0x00000000eaef8010,0x00000000eaf00000)
  to   space 512K, 0% used [0x00000000eb080000,0x00000000eb080000,0x00000000eb100000)
 ParOldGen       total 5632K, used 572K [0x00000000c0600000, 0x00000000c0b80000, 0x00000000ead00000)
  object space 5632K, 10% used [0x00000000c0600000,0x00000000c068f040,0x00000000c0b80000)
 Metaspace       used 5016K, capacity 6220K, committed 6400K, reserved 1056768K
  class space    used 614K, capacity 648K, committed 768K, reserved 1048576K
Event: 3.852 GC heap after
Heap after GC invocations=4 (full 0):
 PSYoungGen      total 3584K, used 511K [0x00000000ead00000, 0x00000000eb100000, 0x0000000100000000)
  eden space 3072K, 0% used [0x00000000ead00000,0x00000000ead00000,0x00000000eb000000)
  from space 512K, 99% used [0x00000000eb080000,0x00000000eb0ffc20,0x00000000eb100000)
  to   space 512K, 0% used [0x00000000eb000000,0x00000000eb000000,0x00000000eb080000)
 ParOldGen       total 5632K, used 660K [0x00000000c0600000, 0x00000000c0b80000, 0x00000000ead00000)
  object space 5632K, 11% used [0x00000000c0600000,0x00000000c06a5050,0x00000000c0b80000)
 Metaspace       used 5016K, capacity 6220K, committed 6400K, reserved 1056768K
  class space    used 614K, capacity 648K, committed 768K, reserved 1048576K
}
Event: 4.195 GC heap before
{Heap before GC invocations=5 (full 0):
 PSYoungGen      total 3584K, used 3583K [0x00000000ead00000, 0x00000000eb100000, 0x0000000100000000)
  eden space 3072K, 100% used [0x00000000ead00000,0x00000000eb000000,0x00000000eb000000)
  from space 512K, 99% used [0x00000000eb080000,0x00000000eb0ffc20,0x00000000eb100000)
  to   space 512K, 0% used [0x00000000eb000000,0x00000000eb000000,0x00000000eb080000)
 ParOldGen       total 5632K, used 660K [0x00000000c0600000, 0x00000000c0b80000, 0x00000000ead00000)
  object space 5632K, 11% used [0x00000000c0600000,0x00000000c06a5050,0x00000000c0b80000)
 Metaspace       used 6058K, capacity 7182K, committed 7552K, reserved 1056768K
  class space    used 758K, capacity 778K, committed 896K, reserved 1048576K
Event: 4.198 GC heap after
Heap after GC invocations=5 (full 0):
 PSYoungGen      total 3584K, used 480K [0x00000000ead00000, 0x00000000eb500000, 0x0000000100000000)
  eden space 3072K, 0% used [0x00000000ead00000,0x00000000ead00000,0x00000000eb000000)
  from space 512K, 93% used [0x00000000eb000000,0x00000000eb078010,0x00000000eb080000)
  to   space 1024K, 0% used [0x00000000eb400000,0x00000000eb400000,0x00000000eb500000)
 ParOldGen       total 5632K, used 975K [0x00000000c0600000, 0x00000000c0b80000, 0x00000000ead00000)
  object space 5632K, 17% used [0x00000000c0600000,0x00000000c06f3f48,0x00000000c0b80000)
 Metaspace       used 6058K, capacity 7182K, committed 7552K, reserved 1056768K
  class space    used 758K, capacity 778K, committed 896K, reserved 1048576K
}
Event: 5.317 GC heap before
{Heap before GC invocations=6 (full 0):
 PSYoungGen      total 3584K, used 3552K [0x00000000ead00000, 0x00000000eb500000, 0x0000000100000000)
  eden space 3072K, 100% used [0x00000000ead00000,0x00000000eb000000,0x00000000eb000000)
  from space 512K, 93% used [0x00000000eb000000,0x00000000eb078010,0x00000000eb080000)
  to   space 1024K, 0% used [0x00000000eb400000,0x00000000eb400000,0x00000000eb500000)
 ParOldGen       total 5632K, used 975K [0x00000000c0600000, 0x00000000c0b80000, 0x00000000ead00000)
  object space 5632K, 17% used [0x00000000c0600000,0x00000000c06f3f48,0x00000000c0b80000)
 Metaspace       used 7226K, capacity 8084K, committed 8448K, reserved 1056768K
  class space    used 886K, capacity 912K, committed 1024K, reserved 1048576K
Event: 5.328 GC heap after
Heap after GC invocations=6 (full 0):
 PSYoungGen      total 6656K, used 1016K [0x00000000ead00000, 0x00000000eb600000, 0x0000000100000000)
  eden space 5632K, 0% used [0x00000000ead00000,0x00000000ead00000,0x00000000eb280000)
  from space 1024K, 99% used [0x00000000eb400000,0x00000000eb4fe0a0,0x00000000eb500000)
  to   space 1536K, 0% used [0x00000000eb280000,0x00000000eb280000,0x00000000eb400000)
 ParOldGen       total 5632K, used 1090K [0x00000000c0600000, 0x00000000c0b80000, 0x00000000ead00000)
  object space 5632K, 19% used [0x00000000c0600000,0x00000000c0710be0,0x00000000c0b80000)
 Metaspace       used 7226K, capacity 8084K, committed 8448K, reserved 1056768K
  class space    used 886K, capacity 912K, committed 1024K, reserved 1048576K
}
Event: 5.878 GC heap before
{Heap before GC invocations=7 (full 0):
 PSYoungGen      total 6656K, used 6220K [0x00000000ead00000, 0x00000000eb600000, 0x0000000100000000)
  eden space 5632K, 92% used [0x00000000ead00000,0x00000000eb215288,0x00000000eb280000)
  from space 1024K, 99% used [0x00000000eb400000,0x00000000eb4fe0a0,0x00000000eb500000)
  to   space 1536K, 0% used [0x00000000eb280000,0x00000000eb280000,0x00000000eb400000)
 ParOldGen       total 5632K, used 1090K [0x00000000c0600000, 0x00000000c0b80000, 0x00000000ead00000)
  object space 5632K, 19% used [0x00000000c0600000,0x00000000c0710be0,0x00000000c0b80000)
 Metaspace       used 7245K, capacity 8084K, committed 8448K, reserved 1056768K
  class space    used 886K, capacity 912K, committed 1024K, reserved 1048576K
Event: 5.893 GC heap after
Heap after GC invocations=7 (full 0):
 PSYoungGen      total 7168K, used 1515K [0x00000000ead00000, 0x00000000ebd00000, 0x0000000100000000)
  eden space 5632K, 0% used [0x00000000ead00000,0x00000000ead00000,0x00000000eb280000)
  from space 1536K, 98% used [0x00000000eb280000,0x00000000eb3fae78,0x00000000eb400000)
  to   space 2560K, 0% used [0x00000000eba80000,0x00000000eba80000,0x00000000ebd00000)
 ParOldGen       total 5632K, used 3227K [0x00000000c0600000, 0x00000000c0b80000, 0x00000000ead00000)
  object space 5632K, 57% used [0x00000000c0600000,0x00000000c0926c20,0x00000000c0b80000)
 Metaspace       used 7245K, capacity 8084K, committed 8448K, reserved 1056768K
  class space    used 886K, capacity 912K, committed 1024K, reserved 1048576K
}

Deoptimization events (5 events):
Event: 2.359 Thread 0x000000000278e000 Uncommon trap: reason=unstable_if action=reinterpret pc=0x00000000029ab1e0 method=java.lang.String.equals(Ljava/lang/Object;)Z @ 53
Event: 4.162 Thread 0x000000000278e000 Uncommon trap: reason=null_check action=make_not_entrant pc=0x0000000002a3d1a8 method=java.lang.String.equals(Ljava/lang/Object;)Z @ 8
Event: 4.486 Thread 0x000000000278e000 Uncommon trap: reason=unstable_if action=reinterpret pc=0x0000000002a1951c method=java.lang.String.replace(CC)Ljava/lang/String; @ 26
Event: 4.505 Thread 0x000000000278e000 Uncommon trap: reason=class_check action=maybe_recompile pc=0x0000000002a450a4 method=sun.misc.URLClassPath.getLoader(I)Lsun/misc/URLClassPath$Loader; @ 94
Event: 4.506 Thread 0x000000000278e000 Uncommon trap: reason=unstable_if action=reinterpret pc=0x0000000002a537b0 method=java.lang.String.indexOf([CII[CIII)I @ 134

Classes redefined (0 events):
No events

Internal exceptions (10 events):
Event: 3.022 Thread 0x000000000278e000 Exception <a 'java/security/PrivilegedActionException'> (0x00000000ead0fb08) thrown at [C:\re\workspace\8-2-build-windows-amd64-cygwin\jdk8u162\10278\hotspot\src\share\vm\prims\jvm.cpp, line 1390]
Event: 3.022 Thread 0x000000000278e000 Exception <a 'java/security/PrivilegedActionException'> (0x00000000ead0ff00) thrown at [C:\re\workspace\8-2-build-windows-amd64-cygwin\jdk8u162\10278\hotspot\src\share\vm\prims\jvm.cpp, line 1390]
Event: 3.024 Thread 0x000000000278e000 Exception <a 'java/security/PrivilegedActionException'> (0x00000000ead14018) thrown at [C:\re\workspace\8-2-build-windows-amd64-cygwin\jdk8u162\10278\hotspot\src\share\vm\prims\jvm.cpp, line 1390]
Event: 3.024 Thread 0x000000000278e000 Exception <a 'java/security/PrivilegedActionException'> (0x00000000ead14410) thrown at [C:\re\workspace\8-2-build-windows-amd64-cygwin\jdk8u162\10278\hotspot\src\share\vm\prims\jvm.cpp, line 1390]
Event: 3.061 Thread 0x000000000278e000 Exception <a 'java/security/PrivilegedActionException'> (0x00000000ead49b90) thrown at [C:\re\workspace\8-2-build-windows-amd64-cygwin\jdk8u162\10278\hotspot\src\share\vm\prims\jvm.cpp, line 1390]
Event: 3.061 Thread 0x000000000278e000 Exception <a 'java/security/PrivilegedActionException'> (0x00000000ead49f88) thrown at [C:\re\workspace\8-2-build-windows-amd64-cygwin\jdk8u162\10278\hotspot\src\share\vm\prims\jvm.cpp, line 1390]
Event: 4.162 Thread 0x000000000278e000 Implicit null exception at 0x0000000002a3cfd5 to 0x0000000002a3d199
Event: 5.544 Thread 0x000000000278e000 Exception <a 'java/io/FileNotFoundException'> (0x00000000eb12d108) thrown at [C:\re\workspace\8-2-build-windows-amd64-cygwin\jdk8u162\10278\hotspot\src\share\vm\prims\jni.cpp, line 709]
Event: 5.714 Thread 0x000000000278e000 Exception <a 'java/io/FileNotFoundException'> (0x00000000eb161a58) thrown at [C:\re\workspace\8-2-build-windows-amd64-cygwin\jdk8u162\10278\hotspot\src\share\vm\prims\jni.cpp, line 709]
Event: 5.894 Thread 0x000000000278e000 Exception <a 'java/lang/OutOfMemoryError'> (0x00000000ead94030) thrown at [C:\re\workspace\8-2-build-windows-amd64-cygwin\jdk8u162\10278\hotspot\src\share\vm\prims\jni.cpp, line 735]

Events (10 events):
Event: 5.893 Executing VM operation: ParallelGCFailedAllocation done
Event: 5.894 loading class com/sun/tools/javac/util/Log$PrefixKind
Event: 5.894 loading class com/sun/tools/javac/util/Log$PrefixKind done
Event: 5.896 loading class com/sun/tools/javac/resources/javac
Event: 5.896 loading class com/sun/tools/javac/resources/javac done
Event: 5.898 loading class com/sun/tools/javac/resources/javac_en
Event: 5.898 loading class com/sun/tools/javac/resources/javac_en done
Event: 5.898 loading class com/sun/tools/javac/resources/javac_en_US
Event: 5.898 loading class com/sun/tools/javac/resources/javac_en_US done
Event: 5.909 loading class java/text/MessageFormat


Dynamic libraries:
0x00007ff68bf90000 - 0x00007ff68bf97000 	C:\Program Files\Java\jdk1.8.0_162\bin\javac.exe
0x00007ffd54140000 - 0x00007ffd542ed000 	C:\Windows\SYSTEM32\ntdll.dll
0x00007ffd54000000 - 0x00007ffd5413e000 	C:\Windows\system32\KERNEL32.DLL
0x00007ffd516a0000 - 0x00007ffd517b5000 	C:\Windows\system32\KERNELBASE.dll
0x0000000058bc0000 - 0x0000000058bef000 	C:\Program Files\Java\jdk1.8.0_162\bin\jli.dll
0x0000000058ae0000 - 0x0000000058bb1000 	C:\Program Files\Java\jdk1.8.0_162\bin\MSVCR100.dll
0x00007ffd52db0000 - 0x00007ffd52e5a000 	C:\Windows\system32\ADVAPI32.dll
0x00007ffd4f150000 - 0x00007ffd4f3ca000 	C:\Windows\WinSxS\amd64_microsoft.windows.common-controls_6595b64144ccf1df_6.0.9600.17810_none_6240b9c7ecbd0bda\COMCTL32.dll
0x00007ffd52f90000 - 0x00007ffd53107000 	C:\Windows\system32\USER32.dll
0x00007ffd537d0000 - 0x00007ffd5387a000 	C:\Windows\system32\msvcrt.dll
0x00007ffd538e0000 - 0x00007ffd53939000 	C:\Windows\SYSTEM32\sechost.dll
0x00007ffd53b50000 - 0x00007ffd53c91000 	C:\Windows\system32\RPCRT4.dll
0x00007ffd53cc0000 - 0x00007ffd53e11000 	C:\Windows\system32\GDI32.dll
0x00007ffd53790000 - 0x00007ffd537c6000 	C:\Windows\system32\IMM32.DLL
0x00007ffd53170000 - 0x00007ffd532c3000 	C:\Windows\system32\MSCTF.dll
0x0000000058a00000 - 0x0000000058ad1000 	C:\Program Files\Java\jdk1.8.0_162\jre\bin\msvcr100.dll
0x0000000058160000 - 0x0000000058a00000 	C:\Program Files\Java\jdk1.8.0_162\jre\bin\server\jvm.dll
0x00007ffd456b0000 - 0x00007ffd456b9000 	C:\Windows\SYSTEM32\WSOCK32.dll
0x00007ffd491b0000 - 0x00007ffd491d2000 	C:\Windows\SYSTEM32\WINMM.dll
0x00007ffd4ec70000 - 0x00007ffd4ec7a000 	C:\Windows\SYSTEM32\VERSION.dll
0x00007ffd52f80000 - 0x00007ffd52f87000 	C:\Windows\system32\PSAPI.DLL
0x00007ffd53110000 - 0x00007ffd5316a000 	C:\Windows\system32\WS2_32.dll
0x00007ffd48eb0000 - 0x00007ffd48eda000 	C:\Windows\SYSTEM32\WINMMBASE.dll
0x00007ffd53780000 - 0x00007ffd53789000 	C:\Windows\system32\NSI.dll
0x00007ffd51540000 - 0x00007ffd5158f000 	C:\Windows\SYSTEM32\cfgmgr32.dll
0x00007ffd50030000 - 0x00007ffd50058000 	C:\Windows\SYSTEM32\DEVOBJ.dll
0x0000000058150000 - 0x000000005815f000 	C:\Program Files\Java\jdk1.8.0_162\jre\bin\verify.dll
0x0000000058120000 - 0x0000000058149000 	C:\Program Files\Java\jdk1.8.0_162\jre\bin\java.dll
0x0000000058100000 - 0x0000000058116000 	C:\Program Files\Java\jdk1.8.0_162\jre\bin\zip.dll
0x00007ffd51880000 - 0x00007ffd52d99000 	C:\Windows\system32\SHELL32.dll
0x00007ffd53560000 - 0x00007ffd53771000 	C:\Windows\SYSTEM32\combase.dll
0x00007ffd53880000 - 0x00007ffd538d4000 	C:\Windows\system32\SHLWAPI.dll
0x00007ffd4fa10000 - 0x00007ffd4fac2000 	C:\Windows\SYSTEM32\SHCORE.dll
0x00007ffd51290000 - 0x00007ffd512a5000 	C:\Windows\SYSTEM32\profapi.dll

VM Arguments:
jvm_args: -Dapplication.home=C:\Program Files\Java\jdk1.8.0_162 -Xms8m 
java_command: com.sun.tools.javac.Main saving_acc.java
java_class_path (initial): C:\Program Files\Java\jdk1.8.0_162/lib/tools.jar;C:\Program Files\Java\jdk1.8.0_162/classes
Launcher Type: SUN_STANDARD

Environment Variables:
PATH=C:\Program Files\Java\jdk1.8.0_162\bin;C:\Program Files (x86)\Google\Chrome\Application
USERNAME=Windows
OS=Windows_NT
PROCESSOR_IDENTIFIER=Intel64 Family 6 Model 42 Stepping 7, GenuineIntel



---------------  S Y S T E M  ---------------

OS: Windows 8.1 , 64 bit Build 9600 (6.3.9600.17415)

CPU:total 4 (initial active 4) (2 cores per cpu, 2 threads per core) family 6 model 42 stepping 7, cmov, cx8, fxsr, mmx, sse, sse2, sse3, ssse3, sse4.1, sse4.2, popcnt, avx, aes, clmul, ht, tsc, tscinvbit

Memory: 4k page, physical 4163948k(975900k free), swap 16746860k(5352k free)

vm_info: Java HotSpot(TM) 64-Bit Server VM (25.162-b12) for windows-amd64 JRE (1.8.0_162-b12), built on Dec 19 2017 20:00:03 by "java_re" with MS VC++ 10.0 (VS2010)

time: Mon Mar 09 14:58:37 2020
elapsed time: 5 seconds (0d 0h 0m 5s)

