#
# There is insufficient memory for the Java Runtime Environment to continue.
# Native memory allocation (mmap) failed to map 67108864 bytes for Failed to commit area from 0x00000000c0600000 to 0x00000000c4600000 of length 67108864.
# Possible reasons:
#   The system is out of physical RAM or swap space
#   The process is running with CompressedOops enabled, and the Java Heap may be blocking the growth of the native heap
# Possible solutions:
#   Reduce memory load on the system
#   Increase physical memory or swap space
#   Check if swap backing store is full
#   Decrease Java heap size (-Xmx/-Xms)
#   Decrease number of Java threads
#   Decrease Java thread stack sizes (-Xss)
#   Set larger code cache with -XX:ReservedCodeCacheSize=
# This output file may be truncated or incomplete.
#
#  Out of Memory Error (t:/workspace/open/src/hotspot/os/windows/os_windows.cpp:3301), pid=6804, tid=2300
#
# JRE version:  (13.0.2+8) (build )
# Java VM: Java HotSpot(TM) 64-Bit Server VM (13.0.2+8, mixed mode, aot, sharing, tiered, compressed oops, g1 gc, windows-amd64)
# No core dump will be written. Minidumps are not enabled by default on client versions of Windows
#

---------------  S U M M A R Y ------------

Command Line: -Dfile.encoding=Cp1252 BASICMETHODS.m1

Host: Intel(R) Core(TM) i5-2450M CPU @ 2.50GHz, 4 cores, 3G,  Windows 8.1 , 64 bit Build 9600 (6.3.9600.17415)
Time: Sun May 31 19:19:47 2020 India Standard Time elapsed time: 0 seconds (0d 0h 0m 0s)

---------------  T H R E A D  ---------------

Current thread (0x000000e35b68a000):  JavaThread "Unknown thread" [_thread_in_vm, id=2300, stack(0x000000e3595c0000,0x000000e3596c0000)]

Stack: [0x000000e3595c0000,0x000000e3596c0000]
Native frames: (J=compiled Java code, j=interpreted, Vv=VM code, C=native code)
V  [jvm.dll+0x624f9a]
V  [jvm.dll+0x770cfa]
V  [jvm.dll+0x7724af]
V  [jvm.dll+0x772ab3]
V  [jvm.dll+0x24bf08]
V  [jvm.dll+0x6222aa]
V  [jvm.dll+0x6170b5]
V  [jvm.dll+0x30a88c]
V  [jvm.dll+0x30a6c2]
V  [jvm.dll+0x30fe36]
V  [jvm.dll+0x353f46]
V  [jvm.dll+0x353720]
V  [jvm.dll+0x2e550a]
V  [jvm.dll+0x2e67a2]
V  [jvm.dll+0x74dd78]
V  [jvm.dll+0x361989]
V  [jvm.dll+0x730e65]
V  [jvm.dll+0x3cc53f]
V  [jvm.dll+0x3ce861]
C  [jli.dll+0x51ff]
C  [ucrtbase.DLL+0x203ba]
C  [KERNEL32.DLL+0x13d2]
C  [ntdll.dll+0x154e4]


---------------  P R O C E S S  ---------------

Threads class SMR info:
_java_thread_list=0x00007ff8ccfbccb8, length=0, elements={
}

Java Threads: ( => current thread )

Other Threads:
  0x000000e35b6b9000 GCTaskThread "GC Thread#0" [stack: 0x000000e375150000,0x000000e375250000] [id=5124]
  0x000000e35b6c2800 ConcurrentGCThread "G1 Main Marker" [stack: 0x000000e375250000,0x000000e375350000] [id=2252]
  0x000000e35b6c5000 ConcurrentGCThread "G1 Conc#0" [stack: 0x000000e375350000,0x000000e375450000] [id=5456]

[error occurred during error reporting (printing all threads), id 0xc0000005, EXCEPTION_ACCESS_VIOLATION (0xc0000005) at pc=0x00007ff8cc7f51d7]

VM state:not at safepoint (not fully initialized)

VM Mutex/Monitor currently owned by a thread:  ([mutex/lock_event])
[0x000000e35b685ea0] Heap_lock - owner thread: 0x000000e35b68a000

Heap address: 0x00000000c0600000, size: 1018 MB, Compressed Oops mode: Non-zero based: 0x00000000c0600000
Narrow klass base: 0x0000000000000000, Narrow klass shift: 0

GC Heap History (0 events):
No events

Deoptimization events (0 events):
No events

Classes unloaded (0 events):
No events

Classes redefined (0 events):
No events

Internal exceptions (0 events):
No events

Events (8 events):
Event: 0.021 Loaded shared library C:\Program Files\Java\jdk-13.0.2\bin\zip.dll
Event: 0.024 Loaded shared library C:\Program Files\Java\jdk-13.0.2\bin\jimage.dll
Event: 0.029 Loading shared library C:\Program Files\Java\jdk-13.0.2\lib\libjava.base-coop.dll failed, error code 126
Event: 0.029 Loading shared library C:\Program Files\Java\jdk-13.0.2\lib\libjava.logging-coop.dll failed, error code 126
Event: 0.029 Loading shared library C:\Program Files\Java\jdk-13.0.2\lib\libjdk.compiler-coop.dll failed, error code 126
Event: 0.029 Loading shared library C:\Program Files\Java\jdk-13.0.2\lib\libjdk.scripting.nashorn-coop.dll failed, error code 126
Event: 0.030 Loading shared library C:\Program Files\Java\jdk-13.0.2\lib\libjdk.internal.vm.ci-coop.dll failed, error code 126
Event: 0.030 Loading shared library C:\Program Files\Java\jdk-13.0.2\lib\libjdk.internal.vm.compiler-coop.dll failed, error code 126


Dynamic libraries:
0x00007ff7539f0000 - 0x00007ff7539ff000 	C:\Program Files\Java\jdk-13.0.2\bin\javaw.exe
0x00007ff8f1b50000 - 0x00007ff8f1cfd000 	C:\Windows\SYSTEM32\ntdll.dll
0x00007ff8f1250000 - 0x00007ff8f138e000 	C:\Windows\system32\KERNEL32.DLL
0x00007ff8eedd0000 - 0x00007ff8eeee5000 	C:\Windows\system32\KERNELBASE.dll
0x00007ff8ecdf0000 - 0x00007ff8ece08000 	C:\Program Files\Java\jdk-13.0.2\bin\jli.dll
0x00007ff8ed090000 - 0x00007ff8ed0a5000 	C:\Program Files\Java\jdk-13.0.2\bin\VCRUNTIME140.dll
0x00007ff8eb550000 - 0x00007ff8eb554000 	C:\Program Files\Java\jdk-13.0.2\bin\api-ms-win-crt-stdio-l1-1-0.dll
0x00007ff8e8bb0000 - 0x00007ff8e8bb4000 	C:\Program Files\Java\jdk-13.0.2\bin\api-ms-win-crt-runtime-l1-1-0.dll
0x00007ff8e8400000 - 0x00007ff8e8403000 	C:\Program Files\Java\jdk-13.0.2\bin\api-ms-win-crt-environment-l1-1-0.dll
0x00007ff8e6eb0000 - 0x00007ff8e6eb5000 	C:\Program Files\Java\jdk-13.0.2\bin\api-ms-win-crt-math-l1-1-0.dll
0x00007ff8e59e0000 - 0x00007ff8e59e3000 	C:\Program Files\Java\jdk-13.0.2\bin\api-ms-win-crt-locale-l1-1-0.dll
0x00007ff8e6550000 - 0x00007ff8e6553000 	C:\Program Files\Java\jdk-13.0.2\bin\api-ms-win-crt-heap-l1-1-0.dll
0x00007ff8f0e30000 - 0x00007ff8f0eda000 	C:\Windows\system32\ADVAPI32.dll
0x00007ff8ec870000 - 0x00007ff8ecaea000 	C:\Windows\WinSxS\amd64_microsoft.windows.common-controls_6595b64144ccf1df_6.0.9600.17810_none_6240b9c7ecbd0bda\COMCTL32.dll
0x00007ff8ef2b0000 - 0x00007ff8ef427000 	C:\Windows\system32\USER32.dll
0x00007ff8ec440000 - 0x00007ff8ec44a000 	C:\Windows\SYSTEM32\VERSION.dll
0x00007ff8e6ea0000 - 0x00007ff8e6ea3000 	C:\Program Files\Java\jdk-13.0.2\bin\api-ms-win-crt-filesystem-l1-1-0.dll
0x00007ff8eb3e0000 - 0x00007ff8eb3e4000 	C:\Program Files\Java\jdk-13.0.2\bin\api-ms-win-crt-string-l1-1-0.dll
0x00007ff8e8410000 - 0x00007ff8e8414000 	C:\Program Files\Java\jdk-13.0.2\bin\api-ms-win-crt-convert-l1-1-0.dll
0x00007ff8f1880000 - 0x00007ff8f192a000 	C:\Windows\system32\msvcrt.dll
0x00007ff8ef650000 - 0x00007ff8ef6a9000 	C:\Windows\SYSTEM32\sechost.dll
0x00007ff8ef500000 - 0x00007ff8ef641000 	C:\Windows\system32\RPCRT4.dll
0x00007ff8f16b0000 - 0x00007ff8f1801000 	C:\Windows\system32\GDI32.dll
0x00007ff8e0c30000 - 0x00007ff8e0d2c000 	C:\Program Files\Java\jdk-13.0.2\bin\ucrtbase.DLL
0x00007ff8ef1e0000 - 0x00007ff8ef216000 	C:\Windows\system32\IMM32.DLL
0x00007ff8f0f40000 - 0x00007ff8f1093000 	C:\Windows\system32\MSCTF.dll
0x00007ff8d5130000 - 0x00007ff8d51cb000 	C:\Program Files\Java\jdk-13.0.2\bin\msvcp140.dll
0x00007ff8e6e00000 - 0x00007ff8e6e03000 	C:\Program Files\Java\jdk-13.0.2\bin\api-ms-win-crt-time-l1-1-0.dll
0x00007ff8e7500000 - 0x00007ff8e7503000 	C:\Program Files\Java\jdk-13.0.2\bin\api-ms-win-crt-utility-l1-1-0.dll
0x00007ff8cc500000 - 0x00007ff8cd05d000 	C:\Program Files\Java\jdk-13.0.2\bin\server\jvm.dll
0x00007ff8d3840000 - 0x00007ff8d3849000 	C:\Windows\SYSTEM32\WSOCK32.dll
0x00007ff8e6e70000 - 0x00007ff8e6e92000 	C:\Windows\SYSTEM32\WINMM.dll
0x00007ff8ef220000 - 0x00007ff8ef227000 	C:\Windows\system32\PSAPI.DLL
0x00007ff8f0ee0000 - 0x00007ff8f0f3a000 	C:\Windows\system32\WS2_32.dll
0x00007ff8e6e40000 - 0x00007ff8e6e6a000 	C:\Windows\SYSTEM32\WINMMBASE.dll
0x00007ff8ef1d0000 - 0x00007ff8ef1d9000 	C:\Windows\system32\NSI.dll
0x00007ff8eeef0000 - 0x00007ff8eef3f000 	C:\Windows\SYSTEM32\cfgmgr32.dll
0x00007ff8eda10000 - 0x00007ff8eda38000 	C:\Windows\SYSTEM32\DEVOBJ.dll
0x00007ff8e64c0000 - 0x00007ff8e64d0000 	C:\Program Files\Java\jdk-13.0.2\bin\verify.dll
0x00007ff8cea60000 - 0x00007ff8cebea000 	C:\Windows\SYSTEM32\DBGHELP.DLL
0x00007ff8e6130000 - 0x00007ff8e6156000 	C:\Program Files\Java\jdk-13.0.2\bin\java.dll
0x00007ff8e5470000 - 0x00007ff8e5487000 	C:\Program Files\Java\jdk-13.0.2\bin\zip.dll
0x00007ff8e5fd0000 - 0x00007ff8e5fda000 	C:\Program Files\Java\jdk-13.0.2\bin\jimage.dll

dbghelp: loaded successfully - version: 4.0.5 - missing functions: none
symbol engine: initialized successfully - sym options: 0x614 - pdb path: .;C:\Program Files\Java\jdk-13.0.2\bin;C:\Windows\SYSTEM32;C:\Windows\WinSxS\amd64_microsoft.windows.common-controls_6595b64144ccf1df_6.0.9600.17810_none_6240b9c7ecbd0bda;C:\Program Files\Java\jdk-13.0.2\bin\server

VM Arguments:
jvm_args: -Dfile.encoding=Cp1252 
java_command: BASICMETHODS.m1
java_class_path (initial): G:\QSPIDERS\JP\STRINGBUILDER\bin
Launcher Type: SUN_STANDARD

[Global flags]
     intx CICompilerCount                          = 3                                         {product} {ergonomic}
     uint ConcGCThreads                            = 1                                         {product} {ergonomic}
     uint G1ConcRefinementThreads                  = 4                                         {product} {ergonomic}
   size_t G1HeapRegionSize                         = 1048576                                   {product} {ergonomic}
    uintx GCDrainStackTargetSize                   = 64                                        {product} {ergonomic}
   size_t InitialHeapSize                          = 67108864                                  {product} {ergonomic}
   size_t MarkStackSize                            = 4194304                                   {product} {ergonomic}
   size_t MaxHeapSize                              = 1067450368                                {product} {ergonomic}
   size_t MinHeapDeltaBytes                        = 1048576                                   {product} {ergonomic}
   size_t MinHeapSize                              = 8388608                                   {product} {ergonomic}
    uintx NonNMethodCodeHeapSize                   = 5832780                                {pd product} {ergonomic}
    uintx NonProfiledCodeHeapSize                  = 122912730                              {pd product} {ergonomic}
    uintx ProfiledCodeHeapSize                     = 122912730                              {pd product} {ergonomic}
    uintx ReservedCodeCacheSize                    = 251658240                              {pd product} {ergonomic}
     bool SegmentedCodeCache                       = true                                      {product} {ergonomic}
   size_t SoftMaxHeapSize                          = 1067450368                             {manageable} {ergonomic}
     bool UseCompressedClassPointers               = true                                 {lp64_product} {ergonomic}
     bool UseCompressedOops                        = true                                 {lp64_product} {ergonomic}
     bool UseG1GC                                  = true                                      {product} {ergonomic}
     bool UseLargePagesIndividualAllocation        = false                                  {pd product} {ergonomic}

Logging:
Log output configuration:
 #0: stdout all=warning uptime,level,tags
 #1: stderr all=off uptime,level,tags

Environment Variables:
PATH=C:/Program Files/Java/jdk-13.0.2/bin/server;C:/Program Files/Java/jdk-13.0.2/bin;C:\Program Files\Java\jdk-13.0.2\bin;C:\Program Files (x86)\EditPlus 3;C:\Windows\system32;
USERNAME=Windows
OS=Windows_NT
PROCESSOR_IDENTIFIER=Intel64 Family 6 Model 42 Stepping 7, GenuineIntel



---------------  S Y S T E M  ---------------

OS: Windows 8.1 , 64 bit Build 9600 (6.3.9600.17415)

CPU:total 4 (initial active 4) (2 cores per cpu, 2 threads per core) family 6 model 42 stepping 7, cmov, cx8, fxsr, mmx, sse, sse2, sse3, ssse3, sse4.1, sse4.2, popcnt, avx, aes, clmul, ht, tsc, tscinvbit

Memory: 4k page, system-wide physical 4066M (1162M free)
TotalPageFile size 11204M (AvailPageFile size 22M)
current process WorkingSet (physical memory assigned to process): 8M, peak: 8M
current process commit charge ("private bytes"): 51M, peak: 115M

vm_info: Java HotSpot(TM) 64-Bit Server VM (13.0.2+8) for windows-amd64 JRE (13.0.2+8), built on Dec 11 2019 09:20:33 by "mach5one" with unknown MS VC++:1916

END.
