#
# There is insufficient memory for the Java Runtime Environment to continue.
# Native memory allocation (malloc) failed to allocate 1048576 bytes for AllocateHeap
# Possible reasons:
#   The system is out of physical RAM or swap space
#   In 32 bit mode, the process size limit was hit
# Possible solutions:
#   Reduce memory load on the system
#   Increase physical memory or swap space
#   Check if swap backing store is full
#   Use 64 bit Java on a 64 bit OS
#   Decrease Java heap size (-Xmx/-Xms)
#   Decrease number of Java threads
#   Decrease Java thread stack sizes (-Xss)
#   Set larger code cache with -XX:ReservedCodeCacheSize=
# This output file may be truncated or incomplete.
#
#  Out of Memory Error (memory/allocation.inline.hpp:61), pid=2448, tid=0x00000000000012e8
#
# JRE version:  (8.0_162-b12) (build )
# Java VM: Java HotSpot(TM) 64-Bit Server VM (25.162-b12 mixed mode windows-amd64 compressed oops)
# Failed to write core dump. Minidumps are not enabled by default on client versions of Windows
#

---------------  T H R E A D  ---------------

Current thread (0x0000000001bcd800):  JavaThread "Unknown thread" [_thread_in_vm, id=4840, stack(0x0000000001bd0000,0x0000000001cd0000)]

Stack: [0x0000000001bd0000,0x0000000001cd0000]
[error occurred during error reporting (printing stack bounds), id 0xc0000005]

Native frames: (J=compiled Java code, j=interpreted, Vv=VM code, C=native code)


---------------  P R O C E S S  ---------------

Java Threads: ( => current thread )

Other Threads:

=>0x0000000001bcd800 (exited) JavaThread "Unknown thread" [_thread_in_vm, id=4840, stack(0x0000000001bd0000,0x0000000001cd0000)]

VM state:not at safepoint (normal execution)

VM Mutex/Monitor currently owned by a thread: None

Heap:
 PSYoungGen      total 18944K, used 327K [0x00000000ead00000, 0x00000000ec200000, 0x0000000100000000)
  eden space 16384K, 2% used [0x00000000ead00000,0x00000000ead51ec8,0x00000000ebd00000)
  from space 2560K, 0% used [0x00000000ebf80000,0x00000000ebf80000,0x00000000ec200000)
  to   space 2560K, 0% used [0x00000000ebd00000,0x00000000ebd00000,0x00000000ebf80000)
 ParOldGen       total 44032K, used 0K [0x00000000c0600000, 0x00000000c3100000, 0x00000000ead00000)
  object space 44032K, 0% used [0x00000000c0600000,0x00000000c0600000,0x00000000c3100000)
 Metaspace       used 770K, capacity 4480K, committed 4480K, reserved 1056768K
  class space    used 75K, capacity 384K, committed 384K, reserved 1048576K

Card table byte_map: [0x0000000011190000,0x0000000011390000] byte_map_base: 0x0000000010b8d000

Marking Bits: (ParMarkBitMap*) 0x00000000630e0860
 Begin Bits: [0x00000000118f0000, 0x00000000128d8000)
 End Bits:   [0x00000000128d8000, 0x00000000138c0000)

Polling page: 0x0000000000250000

CodeCache: size=245760Kb used=328Kb max_used=328Kb free=245431Kb
 bounds [0x0000000001dd0000, 0x0000000002040000, 0x0000000010dd0000]
 total_blobs=58 nmethods=0 adapters=38
 compilation: enabled

Compilation events (0 events):
No events

GC Heap History (0 events):
No events

Deoptimization events (0 events):
No events

Classes redefined (0 events):
No events

Internal exceptions (0 events):
No events

Events (10 events):
Event: 0.984 loading class java/lang/Short
Event: 0.985 loading class java/lang/Short done
Event: 0.985 loading class java/lang/Integer
Event: 0.985 loading class java/lang/Integer done
Event: 0.985 loading class java/lang/Long
Event: 0.986 loading class java/lang/Long done
Event: 1.007 loading class java/lang/NullPointerException
Event: 1.008 loading class java/lang/NullPointerException done
Event: 1.008 loading class java/lang/ArithmeticException
Event: 1.008 loading class java/lang/ArithmeticException done


Dynamic libraries:
0x00007ff6649a0000 - 0x00007ff6649d7000 	C:\Program Files\Java\jdk1.8.0_162\bin\java.exe
0x00007ff845080000 - 0x00007ff84522d000 	C:\Windows\SYSTEM32\ntdll.dll
0x00007ff8449d0000 - 0x00007ff844b0e000 	C:\Windows\system32\KERNEL32.DLL
0x00007ff8422a0000 - 0x00007ff8423b5000 	C:\Windows\system32\KERNELBASE.dll
0x00007ff840cf0000 - 0x00007ff840d7e000 	C:\Windows\system32\apphelp.dll
0x00007ff83e0b0000 - 0x00007ff83e103000 	C:\Windows\AppPatch\AppPatch64\AcGenral.DLL
0x00007ff844f10000 - 0x00007ff844fba000 	C:\Windows\system32\msvcrt.dll
0x00007ff841fa0000 - 0x00007ff841fce000 	C:\Windows\SYSTEM32\SspiCli.dll
0x00007ff844e30000 - 0x00007ff844e84000 	C:\Windows\system32\SHLWAPI.dll
0x00007ff844630000 - 0x00007ff8447a7000 	C:\Windows\system32\USER32.dll
0x00007ff842a70000 - 0x00007ff842c04000 	C:\Windows\system32\ole32.dll
0x00007ff843040000 - 0x00007ff844559000 	C:\Windows\system32\SHELL32.dll
0x00007ff841770000 - 0x00007ff841791000 	C:\Windows\SYSTEM32\USERENV.dll
0x00007ff844cc0000 - 0x00007ff844d6a000 	C:\Windows\system32\ADVAPI32.dll
0x00007ff83b460000 - 0x00007ff83b47e000 	C:\Windows\SYSTEM32\MPR.dll
0x00007ff842700000 - 0x00007ff842841000 	C:\Windows\system32\RPCRT4.dll
0x00007ff844970000 - 0x00007ff8449c9000 	C:\Windows\SYSTEM32\sechost.dll
0x00007ff842c40000 - 0x00007ff842e51000 	C:\Windows\SYSTEM32\combase.dll
0x00007ff844b20000 - 0x00007ff844c71000 	C:\Windows\system32\GDI32.dll
0x00007ff8421d0000 - 0x00007ff8421e5000 	C:\Windows\SYSTEM32\profapi.dll
0x00007ff840950000 - 0x00007ff840a02000 	C:\Windows\SYSTEM32\SHCORE.dll
0x00007ff844c80000 - 0x00007ff844cb6000 	C:\Windows\system32\IMM32.DLL
0x00007ff842910000 - 0x00007ff842a63000 	C:\Windows\system32\MSCTF.dll
0x00007ff83fda0000 - 0x00007ff84001a000 	C:\Windows\WinSxS\amd64_microsoft.windows.common-controls_6595b64144ccf1df_6.0.9600.17810_none_6240b9c7ecbd0bda\COMCTL32.dll
0x0000000063160000 - 0x0000000063231000 	C:\Program Files\Java\jdk1.8.0_162\jre\bin\msvcr100.dll
0x00000000628c0000 - 0x0000000063160000 	C:\Program Files\Java\jdk1.8.0_162\jre\bin\server\jvm.dll
0x00007ff832660000 - 0x00007ff832669000 	C:\Windows\SYSTEM32\WSOCK32.dll
0x00007ff83a380000 - 0x00007ff83a3a2000 	C:\Windows\SYSTEM32\WINMM.dll
0x00007ff83f880000 - 0x00007ff83f88a000 	C:\Windows\SYSTEM32\VERSION.dll
0x00007ff842c10000 - 0x00007ff842c17000 	C:\Windows\system32\PSAPI.DLL
0x00007ff8428b0000 - 0x00007ff84290a000 	C:\Windows\system32\WS2_32.dll
0x00007ff83a350000 - 0x00007ff83a37a000 	C:\Windows\SYSTEM32\WINMMBASE.dll
0x00007ff844960000 - 0x00007ff844969000 	C:\Windows\system32\NSI.dll
0x00007ff8423c0000 - 0x00007ff84240f000 	C:\Windows\SYSTEM32\cfgmgr32.dll
0x00007ff840e20000 - 0x00007ff840e48000 	C:\Windows\SYSTEM32\DEVOBJ.dll
0x00000000628b0000 - 0x00000000628bf000 	C:\Program Files\Java\jdk1.8.0_162\jre\bin\verify.dll
0x0000000062880000 - 0x00000000628a9000 	C:\Program Files\Java\jdk1.8.0_162\jre\bin\java.dll
0x0000000062860000 - 0x0000000062876000 	C:\Program Files\Java\jdk1.8.0_162\jre\bin\zip.dll

VM Arguments:
java_command: assigpatt1
java_class_path (initial): .
Launcher Type: SUN_STANDARD

Environment Variables:
PATH=C:\Program Files\Java\jdk1.8.0_162\bin;C:\Program Files (x86)\Google\Chrome\Application
USERNAME=Windows
OS=Windows_NT
PROCESSOR_IDENTIFIER=Intel64 Family 6 Model 42 Stepping 7, GenuineIntel



---------------  S Y S T E M  ---------------

OS: Windows 8.1 , 64 bit Build 9600 (6.3.9600.17415)

CPU:total 4 (initial active 4) (2 cores per cpu, 2 threads per core) family 6 model 42 stepping 7, cmov, cx8, fxsr, mmx, sse, sse2, sse3, ssse3, sse4.1, sse4.2, popcnt, avx, aes, clmul, ht, tsc, tscinvbit

Memory: 4k page, physical 4163948k(1249288k free), swap 16746860k(5284k free)

vm_info: Java HotSpot(TM) 64-Bit Server VM (25.162-b12) for windows-amd64 JRE (1.8.0_162-b12), built on Dec 19 2017 20:00:03 by "java_re" with MS VC++ 10.0 (VS2010)

time: Fri Mar 20 19:45:49 2020
elapsed time: 1 seconds (0d 0h 0m 1s)

